########### array before sorts ###########
0	10.000000	9.430000	56.860000	9.430000	n
1	56.860000	9.430000	56.860000	99.430000	n
2	10.000000	99.430000	10.000000	9.430000	n
3	10.000000	99.430000	56.860000	99.430000	n
Tolerance=0.050000.
*Exact match for i=0 and j=1.
*i point 10.000000	9.430000	56.860000	9.430000	y
*Exact match for i=1 and j=3.
*i point 56.860000	9.430000	56.860000	99.430000	y
	*Before flip 	10.000000	99.430000	56.860000	99.430000	y
	*After flip 	56.860000	99.430000	10.000000	99.430000	y
*Exact match for i=2 and j=3.
*i point 56.860000	99.430000	10.000000	99.430000	y
########### array after sorts ###########
0	10.000000	9.430000	56.860000	9.430000	y
1	56.860000	9.430000	56.860000	99.430000	y
2	56.860000	99.430000	10.000000	99.430000	y
3	10.000000	99.430000	10.000000	9.430000	y
***************
.BOARD_OUTLINE UNOWNED
1.6
0     10.000000     9.430000     0
0     56.860000     9.430000     0
0     56.860000     99.430000     0
0     10.000000     99.430000     0
0     10.000000     9.430000     0
