########### array before sorts ###########
0	104.000000	-55.000000	162.000000	-55.000000	n
1	162.000000	-55.000000	162.000000	106.000000	n
2	162.000000	106.000000	104.000000	106.000000	n
3	104.000000	106.000000	104.000000	-55.000000	n
Tolerance=0.050000.
*Exact match for i=0 and j=1.
*i point 104.000000	-55.000000	162.000000	-55.000000	y
*Exact match for i=1 and j=2.
*i point 162.000000	-55.000000	162.000000	106.000000	y
*Exact match for i=2 and j=3.
*i point 162.000000	106.000000	104.000000	106.000000	y
########### array after sorts ###########
0	104.000000	-55.000000	162.000000	-55.000000	y
1	162.000000	-55.000000	162.000000	106.000000	y
2	162.000000	106.000000	104.000000	106.000000	y
3	104.000000	106.000000	104.000000	-55.000000	y
***************
.BOARD_OUTLINE UNOWNED
1.6
0     104.000000     -55.000000     0
0     162.000000     -55.000000     0
0     162.000000     106.000000     0
0     104.000000     106.000000     0
0     104.000000     -55.000000     0
