########### array before sorts ###########
0	78.740000	44.100000	161.000000	44.100000	n
1	161.000000	44.100000	161.000000	100.000000	n
2	161.000000	100.000000	78.740000	100.000000	n
3	78.740000	100.000000	78.740000	44.100000	n
Tolerance=0.050000.
*Exact match for i=0 and j=1.
*i point 78.740000	44.100000	161.000000	44.100000	y
*Exact match for i=1 and j=2.
*i point 161.000000	44.100000	161.000000	100.000000	y
*Exact match for i=2 and j=3.
*i point 161.000000	100.000000	78.740000	100.000000	y
########### array after sorts ###########
0	78.740000	44.100000	161.000000	44.100000	y
1	161.000000	44.100000	161.000000	100.000000	y
2	161.000000	100.000000	78.740000	100.000000	y
3	78.740000	100.000000	78.740000	44.100000	y
***************
.BOARD_OUTLINE UNOWNED
1.6
0     78.740000     44.100000     0
0     161.000000     44.100000     0
0     161.000000     100.000000     0
0     78.740000     100.000000     0
0     78.740000     44.100000     0
